<?xml version="1.0" encoding="UTF-8"?>
<testng-results skipped="0" failed="0" ignored="0" total="2" passed="2">
  <reporter-output>
  </reporter-output>
  <suite name="Parallel Testing Suite" duration-ms="16866" started-at="2023-04-29T09:11:48Z" finished-at="2023-04-29T09:12:05Z">
    <groups>
    </groups>
    <test name="Parallel Tests" duration-ms="16866" started-at="2023-04-29T09:11:48Z" finished-at="2023-04-29T09:12:05Z">
      <class name="ParallelTest">
        <test-method status="PASS" signature="fireFoxTest()[pri:0, instance:ParallelTest@6293abcc]" name="fireFoxTest" duration-ms="15017" started-at="2023-04-29T09:11:48Z" finished-at="2023-04-29T09:12:03Z">
          <reporter-output>
          </reporter-output>
        </test-method> <!-- fireFoxTest -->
        <test-method status="PASS" signature="chromeTest()[pri:0, instance:ParallelTest@6293abcc]" name="chromeTest" duration-ms="16818" started-at="2023-04-29T09:11:48Z" finished-at="2023-04-29T09:12:05Z">
          <reporter-output>
          </reporter-output>
        </test-method> <!-- chromeTest -->
      </class> <!-- ParallelTest -->
    </test> <!-- Parallel Tests -->
  </suite> <!-- Parallel Testing Suite -->
</testng-results>
